This is pdfTeX, Version 3.1415926-1.40.10 (TeX Live 2009/Debian) (format=pdflatex 2012.4.25)  27 APR 2012 14:36
entering extended mode
 file:line:error style messages enabled.
 %&-line parsing enabled.
**bibliography.tex
(./bibliography.tex
LaTeX2e <2009/09/24>
Babel <v3.8l> and hyphenation patterns for english, usenglishmax, dumylang, noh
yphenation, loaded.

./bibliography.tex:1: LaTeX Error: Environment thebibliography undefined.

See the LaTeX manual or LaTeX Companion for explanation.
Type  H <return>  for immediate help.
 ...                                              
                                                  
l.1 \begin{thebibliography}
                           {99}
? 
./bibliography.tex:1: Emergency stop.
 ...                                              
                                                  
l.1 \begin{thebibliography}
                           {99}
Your command was ignored.
Type  I <command> <return>  to replace it with another command,
or  <return>  to continue without it.

 
Here is how much of TeX's memory you used:
 6 strings out of 495061
 302 string characters out of 1182621
 45108 words of memory out of 3000000
 3283 multiletter control sequences out of 15000+50000
 3640 words of font info for 14 fonts, out of 3000000 for 9000
 28 hyphenation exceptions out of 8191
 5i,0n,4p,62b,16s stack positions out of 5000i,500n,10000p,200000b,50000s
./bibliography.tex:1:  ==> Fatal error occurred, no output PDF file produced!
